SF:lib\data\datasources\movie_remote_data_source.dart
DA:26,1
DA:28,1
DA:31,3
DA:33,2
DA:34,4
DA:36,1
DA:40,1
DA:43,4
DA:45,2
DA:46,3
DA:48,1
DA:52,1
DA:54,1
DA:55,3
DA:57,2
DA:58,4
DA:60,1
DA:64,1
DA:67,3
DA:69,2
DA:70,4
DA:72,1
DA:76,1
DA:79,3
DA:81,2
DA:82,4
DA:84,1
DA:88,1
DA:90,1
DA:91,3
DA:93,2
DA:94,4
DA:96,1
LF:33
LH:33
end_of_record
SF:lib\data\models\movie_detail_model.dart
DA:6,2
DA:52,1
DA:53,1
DA:54,1
DA:55,1
DA:56,1
DA:57,1
DA:58,4
DA:59,1
DA:60,1
DA:61,1
DA:62,1
DA:63,1
DA:64,1
DA:65,2
DA:66,1
DA:67,1
DA:68,1
DA:69,1
DA:70,1
DA:71,1
DA:72,1
DA:73,1
DA:74,2
DA:75,1
DA:78,0
DA:79,0
DA:80,0
DA:81,0
DA:82,0
DA:83,0
DA:84,0
DA:85,0
DA:86,0
DA:87,0
DA:88,0
DA:89,0
DA:90,0
DA:91,0
DA:92,0
DA:93,0
DA:94,0
DA:95,0
DA:96,0
DA:97,0
DA:98,0
DA:99,0
DA:102,1
DA:103,1
DA:104,1
DA:105,1
DA:106,5
DA:107,1
DA:108,1
DA:109,1
DA:110,1
DA:111,1
DA:112,1
DA:113,1
DA:114,1
DA:115,1
DA:119,1
DA:120,1
DA:121,1
DA:122,1
DA:123,1
DA:124,1
DA:125,1
DA:126,1
DA:127,1
DA:128,1
DA:129,1
DA:130,1
DA:131,1
DA:132,1
DA:133,1
DA:134,1
DA:135,1
DA:136,1
DA:137,1
DA:138,1
DA:139,1
DA:140,1
DA:141,1
LF:84
LH:62
end_of_record
SF:lib\data\models\movie_response.dart
DA:7,3
DA:9,4
DA:10,4
DA:11,6
DA:12,6
DA:15,2
DA:16,5
DA:19,1
DA:20,2
LF:9
LH:9
end_of_record
SF:lib\common\exception.dart
DA:6,2
LF:1
LH:1
end_of_record
SF:lib\common\failure.dart
DA:6,16
DA:8,1
DA:9,2
DA:13,14
DA:17,4
DA:21,2
DA:25,2
LF:7
LH:7
end_of_record
SF:lib\data\datasources\db\database_helper.dart
DA:8,2
DA:12,4
DA:16,2
DA:17,2
DA:23,2
DA:24,2
DA:25,0
DA:27,0
DA:31,0
DA:32,0
DA:44,0
DA:45,0
DA:46,0
DA:49,0
DA:50,0
DA:51,0
DA:56,0
DA:60,0
DA:61,0
DA:62,0
DA:67,0
DA:70,0
DA:71,0
DA:77,2
DA:78,2
DA:79,0
LF:26
LH:8
end_of_record
SF:lib\data\datasources\tv_remote_data_source.dart
DA:25,1
DA:27,1
DA:29,3
DA:31,2
DA:32,4
DA:34,1
DA:38,1
DA:40,3
DA:42,2
DA:43,4
DA:45,1
DA:49,1
DA:51,3
DA:53,2
DA:54,4
DA:56,1
DA:60,1
DA:62,4
DA:64,2
DA:65,3
DA:67,1
DA:71,1
DA:73,4
DA:75,2
DA:76,4
DA:78,1
DA:82,1
DA:84,4
DA:86,2
DA:87,4
DA:89,1
LF:31
LH:31
end_of_record
SF:lib\data\datasources\watchlist_local_data_source.dart
DA:15,3
DA:17,1
DA:20,2
DA:23,2
DA:27,1
DA:30,2
DA:33,2
DA:37,1
DA:39,2
DA:41,1
DA:47,3
DA:49,3
DA:51,6
DA:52,2
DA:53,1
DA:54,1
LF:16
LH:16
end_of_record
SF:lib\data\models\movie_model.dart
DA:5,5
DA:35,4
DA:36,2
DA:37,2
DA:38,8
DA:39,2
DA:40,2
DA:41,2
DA:42,4
DA:43,2
DA:44,2
DA:45,2
DA:46,2
DA:47,4
DA:48,2
DA:51,2
DA:52,1
DA:53,1
DA:54,4
DA:55,1
DA:56,1
DA:57,1
DA:58,1
DA:59,1
DA:60,1
DA:61,1
DA:62,1
DA:63,1
DA:64,1
DA:67,2
DA:68,2
DA:69,2
DA:70,2
DA:71,2
DA:72,2
DA:73,2
DA:74,2
DA:75,2
DA:76,2
DA:77,2
DA:78,2
DA:79,2
DA:80,2
DA:81,2
DA:85,2
DA:86,2
DA:87,2
DA:88,2
DA:89,2
DA:90,2
DA:91,2
DA:92,2
DA:93,2
DA:94,2
DA:95,2
DA:96,2
DA:97,2
DA:98,2
DA:99,2
LF:59
LH:59
end_of_record
SF:lib\data\models\tv_detail_response_model.dart
DA:39,7
DA:74,10
DA:75,5
DA:76,5
DA:77,35
DA:78,15
DA:79,5
DA:80,10
DA:81,5
DA:85,2
DA:86,1
DA:87,1
DA:88,5
DA:89,4
DA:90,2
DA:91,5
DA:92,1
DA:93,1
DA:94,1
DA:95,4
DA:96,2
DA:97,2
DA:98,1
DA:99,1
DA:100,5
DA:101,1
DA:102,1
DA:103,4
DA:104,1
DA:105,1
DA:106,1
DA:107,2
DA:108,1
DA:109,5
DA:110,5
DA:111,5
DA:112,5
DA:113,1
DA:114,1
DA:115,1
DA:116,2
DA:117,1
DA:120,2
DA:121,1
DA:122,1
DA:123,5
DA:124,4
DA:125,13
DA:126,5
DA:127,1
DA:128,1
DA:129,1
DA:130,4
DA:131,13
DA:132,2
DA:133,1
DA:134,1
DA:135,5
DA:136,1
DA:137,1
DA:138,4
DA:139,1
DA:140,1
DA:141,1
DA:142,1
DA:143,1
DA:144,5
DA:145,5
DA:146,5
DA:147,5
DA:148,1
DA:149,1
DA:150,1
DA:151,1
DA:152,1
DA:163,7
DA:171,2
DA:172,1
DA:173,1
DA:174,1
DA:175,1
DA:176,1
DA:179,2
DA:180,1
DA:181,1
DA:182,1
DA:183,1
DA:184,1
DA:192,7
DA:197,2
DA:198,1
DA:199,1
DA:202,2
DA:203,1
DA:204,1
DA:223,7
DA:239,2
DA:240,1
DA:241,1
DA:242,1
DA:243,2
DA:244,1
DA:245,3
DA:246,1
DA:247,1
DA:248,1
DA:249,1
DA:250,1
DA:251,1
DA:252,1
DA:255,2
DA:256,1
DA:257,1
DA:258,1
DA:259,1
DA:260,1
DA:261,13
DA:262,1
DA:263,1
DA:264,1
DA:265,1
DA:266,1
DA:267,1
DA:268,1
DA:278,7
DA:285,2
DA:286,1
DA:287,1
DA:288,1
DA:289,1
DA:292,2
DA:293,1
DA:294,1
DA:295,1
DA:296,1
DA:304,7
DA:309,2
DA:310,1
DA:311,1
DA:314,2
DA:315,1
DA:316,1
DA:330,7
DA:341,2
DA:342,3
DA:343,1
DA:344,1
DA:345,1
DA:346,1
DA:347,1
DA:348,1
DA:349,2
DA:352,2
DA:353,13
DA:354,1
DA:355,1
DA:356,1
DA:357,1
DA:358,1
DA:359,1
DA:360,1
DA:369,7
DA:375,2
DA:376,1
DA:377,1
DA:378,1
DA:381,2
DA:382,1
DA:383,1
DA:384,1
LF:170
LH:170
end_of_record
SF:lib\data\models\tv_series_response_model.dart
DA:9,12
DA:16,22
DA:17,33
DA:18,11
DA:19,11
DA:20,11
DA:21,11
DA:22,11
DA:23,11
DA:24,11
DA:25,11
DA:26,11
DA:27,11
DA:28,11
DA:29,11
DA:30,11
DA:31,11
DA:33,11
DA:35,2
DA:36,1
DA:37,6
DA:38,1
DA:39,1
DA:42,0
DA:43,0
DA:44,0
DA:45,0
DA:46,0
DA:66,14
DA:83,2
DA:84,1
DA:85,1
DA:86,5
DA:87,1
DA:88,5
DA:89,1
DA:90,1
DA:91,1
DA:92,2
DA:93,1
DA:94,3
DA:95,1
DA:96,2
DA:97,1
DA:100,18
DA:101,9
DA:102,9
DA:103,9
DA:104,9
DA:105,9
DA:106,9
DA:107,9
DA:108,9
DA:109,9
DA:110,9
DA:111,9
DA:112,9
DA:113,9
DA:114,9
DA:117,0
DA:118,0
DA:119,0
DA:120,0
DA:121,0
DA:122,0
DA:123,0
DA:124,0
DA:125,0
DA:126,0
DA:127,0
DA:128,0
DA:129,0
DA:130,0
DA:131,0
LF:74
LH:54
end_of_record
SF:lib\data\models\watchlist_table.dart
DA:15,2
DA:23,0
DA:24,0
DA:25,0
DA:26,0
DA:27,0
DA:28,0
DA:31,2
DA:32,1
DA:33,1
DA:34,1
DA:35,1
DA:36,1
DA:39,2
DA:40,1
DA:41,1
DA:42,1
DA:43,1
DA:44,2
DA:47,0
DA:48,0
DA:49,0
DA:50,0
DA:51,0
DA:52,0
DA:55,0
DA:56,0
DA:57,0
DA:58,0
DA:59,0
DA:60,0
DA:63,0
DA:64,0
DA:65,0
DA:66,0
DA:67,0
DA:70,2
DA:71,1
DA:72,1
DA:73,1
DA:74,1
DA:75,3
DA:78,2
DA:79,2
DA:80,2
DA:81,2
DA:82,2
DA:83,2
DA:84,2
LF:49
LH:26
end_of_record
SF:lib\domain\entities\item_data_entity.dart
DA:17,12
DA:28,14
DA:29,7
DA:30,7
DA:31,7
DA:32,14
DA:33,7
DA:34,7
DA:35,7
DA:50,2
DA:51,2
DA:52,2
DA:53,2
DA:54,2
DA:55,2
DA:56,2
DA:57,2
DA:58,2
LF:18
LH:18
end_of_record
SF:lib\domain\entities\movie_detail_entity.dart
DA:5,38
DA:33,1
DA:34,1
DA:35,1
DA:36,1
DA:37,1
DA:38,1
DA:39,1
DA:40,1
DA:41,1
DA:42,1
DA:43,1
DA:44,1
DA:45,1
LF:14
LH:14
end_of_record
SF:lib\domain\entities\movie_entity.dart
DA:5,11
DA:21,3
DA:42,3
DA:43,3
DA:44,3
DA:45,3
DA:46,3
DA:47,3
DA:48,3
DA:49,3
DA:50,3
DA:51,3
DA:52,3
DA:53,3
DA:54,3
DA:55,3
DA:56,3
LF:17
LH:17
end_of_record
SF:lib\domain\entities\poster_5_entity.dart
DA:15,18
DA:23,20
DA:24,10
DA:25,10
DA:26,10
DA:27,10
DA:31,4
DA:32,2
DA:33,2
DA:34,2
DA:35,2
DA:39,12
DA:40,6
DA:41,6
DA:42,6
DA:43,6
DA:47,9
DA:48,9
DA:49,9
DA:50,9
DA:51,9
DA:52,9
LF:22
LH:22
end_of_record
SF:lib\domain\entities\tvseries_entity.dart
DA:20,14
DA:37,0
DA:44,2
DA:45,2
DA:46,2
DA:47,2
DA:48,2
DA:49,2
DA:50,2
DA:51,2
DA:52,2
DA:53,2
DA:54,2
DA:55,2
DA:56,2
DA:57,2
DA:58,2
DA:59,2
LF:18
LH:17
end_of_record
SF:lib\data\models\genre_model.dart
DA:5,2
DA:13,2
DA:14,1
DA:15,1
DA:18,0
DA:19,0
DA:20,0
DA:23,1
DA:24,3
DA:27,1
DA:28,3
LF:11
LH:8
end_of_record
SF:lib\domain\entities\genre_entity.dart
DA:4,43
DA:12,0
DA:13,0
DA:14,0
DA:17,0
DA:18,0
DA:19,0
DA:22,3
DA:23,9
LF:9
LH:3
end_of_record
SF:lib\data\repositories\movie_repository_impl.dart
DA:15,1
DA:20,1
DA:23,2
DA:24,5
DA:25,1
DA:27,1
DA:32,1
DA:35,2
DA:36,2
DA:37,1
DA:39,1
DA:44,1
DA:47,2
DA:48,3
DA:49,1
DA:51,1
DA:56,1
DA:59,2
DA:60,5
DA:61,1
DA:63,1
DA:68,1
DA:71,2
DA:72,5
DA:73,1
DA:75,1
DA:80,1
DA:83,2
DA:84,5
DA:85,1
DA:87,1
LF:31
LH:31
end_of_record
SF:lib\data\repositories\tv_series_repository_impl.dart
DA:14,1
DA:16,1
DA:19,2
DA:20,5
DA:21,1
DA:23,1
DA:30,1
DA:33,2
DA:34,5
DA:35,1
DA:37,1
DA:44,1
DA:47,2
DA:48,5
DA:49,1
DA:51,1
DA:58,1
DA:61,2
DA:62,2
DA:63,1
DA:65,1
DA:72,1
DA:75,2
DA:76,5
DA:77,1
DA:79,1
DA:86,1
DA:89,2
DA:90,5
DA:91,1
DA:93,1
LF:31
LH:31
end_of_record
SF:lib\data\repositories\watchlist_repository_impl.dart
DA:13,3
DA:15,3
DA:17,6
DA:18,11
DA:21,1
DA:23,2
DA:27,1
DA:30,2
DA:31,1
DA:32,1
DA:33,3
DA:37,1
DA:40,1
DA:41,2
DA:42,1
DA:43,1
DA:44,3
LF:17
LH:17
end_of_record
SF:lib\domain\usecases\get_watchlist_movies.dart
DA:9,3
DA:11,3
DA:12,6
LF:3
LH:3
end_of_record
SF:lib\domain\usecases\get_watchlist_status.dart
DA:6,1
DA:8,1
DA:9,2
LF:3
LH:3
end_of_record
SF:lib\domain\usecases\get_movie_detail.dart
DA:9,1
DA:11,1
DA:12,2
LF:3
LH:3
end_of_record
SF:lib\domain\usecases\get_movie_recommendations.dart
DA:9,1
DA:11,1
DA:12,2
LF:3
LH:3
end_of_record
SF:lib\domain\usecases\get_now_playing_movies.dart
DA:9,1
DA:11,1
DA:12,2
LF:3
LH:3
end_of_record
SF:lib\domain\usecases\get_popular_movies.dart
DA:9,1
DA:11,1
DA:12,2
LF:3
LH:3
end_of_record
SF:lib\domain\usecases\get_top_rated_movies.dart
DA:9,1
DA:11,1
DA:12,2
LF:3
LH:3
end_of_record
SF:lib\domain\usecases\search_movies.dart
DA:9,1
DA:11,1
DA:12,2
LF:3
LH:3
end_of_record
SF:lib\domain\entities\poster_2_entity.dart
DA:10,7
DA:15,0
DA:16,0
DA:17,0
DA:20,0
DA:21,0
DA:25,0
DA:26,0
DA:27,0
LF:9
LH:1
end_of_record
SF:lib\domain\usecases\remove_watchlist.dart
DA:9,1
DA:11,1
DA:12,2
DA:13,1
DA:14,2
LF:5
LH:5
end_of_record
SF:lib\domain\entities\poster_3_entity.dart
DA:13,2
DA:19,2
DA:20,1
DA:21,1
DA:25,2
DA:26,1
DA:27,1
DA:31,0
DA:32,0
DA:33,0
DA:34,0
DA:37,1
DA:38,3
LF:13
LH:9
end_of_record
SF:lib\domain\usecases\save_watchlist.dart
DA:9,1
DA:11,1
DA:12,2
LF:3
LH:3
end_of_record
SF:lib\domain\usecases\get_on_the_air_tv_series.dart
DA:9,1
DA:11,1
DA:12,2
LF:3
LH:3
end_of_record
SF:lib\domain\usecases\get_popular_tv_series.dart
DA:9,1
DA:11,1
DA:12,2
LF:3
LH:3
end_of_record
SF:lib\domain\usecases\get_top_rated_tv_series.dart
DA:9,1
DA:11,1
DA:12,2
LF:3
LH:3
end_of_record
SF:lib\domain\usecases\get_tv_series_detail.dart
DA:9,1
DA:11,1
DA:12,2
LF:3
LH:3
end_of_record
SF:lib\domain\usecases\get_tv_series_recommendations.dart
DA:9,1
DA:11,1
DA:12,2
LF:3
LH:3
end_of_record
SF:lib\domain\usecases\search_tv_series.dart
DA:9,1
DA:11,1
DA:12,2
LF:3
LH:3
end_of_record
SF:lib\presentation\bloc\home_state_handler\home_state_handler_bloc.dart
DA:11,3
DA:12,2
DA:13,1
DA:14,1
DA:19,1
DA:22,2
DA:23,2
DA:25,2
LF:8
LH:8
end_of_record
SF:lib\presentation\bloc\home_state_handler\home_state_handler_state.dart
DA:4,1
DA:6,1
DA:7,1
LF:3
LH:3
end_of_record
SF:lib\presentation\bloc\home_state_handler\home_state_handler_event.dart
DA:4,1
DA:6,0
DA:7,0
DA:13,1
LF:4
LH:2
end_of_record
SF:lib\presentation\bloc\movie_detail\movie_detail_event.dart
DA:4,2
DA:6,0
DA:7,0
DA:13,2
DA:15,0
DA:16,0
DA:22,1
DA:24,0
DA:25,0
LF:9
LH:3
end_of_record
SF:lib\presentation\bloc\movie_detail\movie_detail_state.dart
DA:4,3
DA:6,1
DA:7,1
DA:18,3
DA:25,2
LF:5
LH:5
end_of_record
SF:lib\presentation\bloc\movie_detail\movie_detail_bloc.dart
DA:14,3
DA:15,2
DA:16,1
DA:17,2
DA:18,1
DA:19,2
DA:24,1
DA:25,2
DA:27,1
DA:28,1
DA:30,1
DA:31,0
DA:32,0
DA:33,0
DA:36,0
DA:38,1
DA:39,1
DA:42,1
DA:43,1
DA:44,2
DA:45,0
DA:48,1
DA:50,1
DA:51,1
DA:53,1
DA:54,4
DA:56,1
DA:60,1
DA:67,1
DA:71,2
DA:72,2
DA:74,1
DA:75,0
DA:76,0
DA:79,0
DA:80,1
DA:81,4
DA:82,1
DA:87,1
LF:39
LH:31
end_of_record
SF:lib\presentation\bloc\now_playing_movie\now_playing_movie_event.dart
DA:4,1
DA:6,0
DA:7,0
LF:3
LH:1
end_of_record
SF:lib\presentation\bloc\now_playing_movie\now_playing_movie_state.dart
DA:4,1
DA:6,1
DA:7,1
DA:17,1
DA:19,1
DA:20,2
DA:27,1
DA:29,1
DA:30,2
LF:9
LH:9
end_of_record
SF:lib\presentation\bloc\now_playing_movie\now_playing_movie_bloc.dart
DA:12,3
DA:13,2
DA:14,1
DA:15,1
DA:20,1
DA:21,2
DA:23,1
DA:24,1
DA:25,1
DA:26,2
DA:27,0
DA:30,1
DA:32,1
DA:33,4
DA:34,1
DA:36,1
LF:16
LH:15
end_of_record
SF:lib\presentation\bloc\popular_movie\popular_movie_state.dart
DA:4,2
DA:6,1
DA:7,1
DA:17,2
DA:19,1
DA:20,2
DA:27,2
DA:29,1
DA:30,2
LF:9
LH:9
end_of_record
SF:lib\presentation\bloc\popular_movie\popular_movie_bloc.dart
DA:12,3
DA:13,2
DA:14,1
DA:15,1
DA:20,1
DA:21,2
DA:22,1
DA:24,2
DA:25,2
DA:26,0
DA:29,1
DA:30,1
DA:31,4
DA:32,1
DA:34,1
LF:15
LH:14
end_of_record
SF:lib\presentation\bloc\popular_movie\popular_movie_event.dart
DA:4,2
DA:6,0
DA:7,0
LF:3
LH:1
end_of_record
SF:lib\presentation\bloc\movie_search\movie_search_state.dart
DA:4,2
DA:6,1
DA:7,1
DA:15,2
DA:24,1
DA:26,1
DA:27,3
DA:33,1
DA:35,1
DA:36,2
LF:10
LH:10
end_of_record
SF:lib\presentation\bloc\movie_search\movie_search_bloc.dart
DA:14,3
DA:15,2
DA:16,1
DA:17,1
DA:19,1
DA:20,2
DA:24,2
DA:26,1
DA:28,2
DA:29,1
DA:30,0
DA:33,1
DA:34,1
DA:35,1
DA:36,1
DA:38,1
DA:40,3
DA:44,1
DA:47,1
DA:49,3
LF:20
LH:19
end_of_record
SF:lib\presentation\bloc\movie_search\movie_search_event.dart
DA:4,1
DA:6,0
DA:7,0
DA:13,1
DA:15,0
DA:16,0
LF:6
LH:2
end_of_record
SF:lib\presentation\bloc\top_rated_movie\top_rated_movie_state.dart
DA:4,2
DA:6,1
DA:7,1
DA:17,2
DA:19,1
DA:20,2
DA:27,2
DA:29,1
DA:30,2
LF:9
LH:9
end_of_record
SF:lib\presentation\bloc\top_rated_movie\top_rated_movie_bloc.dart
DA:12,3
DA:13,2
DA:14,1
DA:15,1
DA:20,1
DA:21,2
DA:23,1
DA:24,2
DA:25,2
DA:26,0
DA:29,1
DA:30,1
DA:31,4
DA:32,1
DA:34,1
LF:15
LH:14
end_of_record
SF:lib\presentation\bloc\top_rated_movie\top_rated_movie_event.dart
DA:4,2
DA:6,0
DA:7,0
LF:3
LH:1
end_of_record
SF:lib\presentation\bloc\on_the_air_tv_series\on_the_air_tv_series_state.dart
DA:4,1
DA:6,1
DA:7,1
DA:17,1
DA:19,1
DA:20,2
DA:27,1
DA:29,1
DA:30,2
LF:9
LH:9
end_of_record
SF:lib\presentation\bloc\on_the_air_tv_series\on_the_air_tv_series_bloc.dart
DA:12,3
DA:13,2
DA:14,1
DA:15,1
DA:20,1
DA:21,2
DA:23,1
DA:24,1
DA:25,1
DA:26,2
DA:27,0
DA:30,1
DA:32,1
DA:33,4
DA:34,1
DA:36,1
LF:16
LH:15
end_of_record
SF:lib\presentation\bloc\on_the_air_tv_series\on_the_air_tv_series_event.dart
DA:4,1
DA:6,0
DA:7,0
LF:3
LH:1
end_of_record
SF:lib\presentation\bloc\popular_tv_series\popular_tv_series_state.dart
DA:4,2
DA:6,1
DA:7,1
DA:17,2
DA:19,1
DA:20,2
DA:27,2
DA:29,1
DA:30,2
LF:9
LH:9
end_of_record
SF:lib\presentation\bloc\popular_tv_series\popular_tv_series_bloc.dart
DA:12,3
DA:13,2
DA:14,1
DA:15,1
DA:20,1
DA:21,2
DA:23,1
DA:25,2
DA:26,2
DA:27,0
DA:30,1
DA:31,1
DA:32,4
DA:33,1
DA:35,1
LF:15
LH:14
end_of_record
SF:lib\presentation\bloc\popular_tv_series\popular_tv_series_event.dart
DA:4,2
DA:6,0
DA:7,0
LF:3
LH:1
end_of_record
SF:lib\presentation\bloc\top_rated_tv_series\top_rated_tv_series_event.dart
DA:4,2
DA:6,0
DA:7,0
LF:3
LH:1
end_of_record
SF:lib\presentation\bloc\top_rated_tv_series\top_rated_tv_series_bloc.dart
DA:12,3
DA:13,2
DA:14,1
DA:15,1
DA:20,1
DA:21,2
DA:22,1
DA:24,2
DA:25,2
DA:26,0
DA:29,1
DA:30,1
DA:31,4
DA:32,1
DA:34,1
LF:15
LH:14
end_of_record
SF:lib\presentation\bloc\top_rated_tv_series\top_rated_tv_series_state.dart
DA:4,2
DA:6,1
DA:7,1
DA:17,2
DA:19,1
DA:20,2
DA:27,2
DA:29,1
DA:30,2
LF:9
LH:9
end_of_record
SF:lib\presentation\bloc\tv_detail\tv_detail_event.dart
DA:4,2
DA:6,0
DA:7,0
DA:13,2
DA:15,0
DA:16,0
DA:22,0
DA:24,0
DA:25,0
LF:9
LH:2
end_of_record
SF:lib\presentation\bloc\tv_detail\tv_detail_state.dart
DA:4,3
DA:6,1
DA:7,1
DA:18,3
DA:20,1
DA:21,3
DA:28,2
DA:30,1
DA:31,2
LF:9
LH:9
end_of_record
SF:lib\presentation\bloc\tv_detail\tv_detail_bloc.dart
DA:16,1
DA:19,2
DA:20,2
DA:21,1
DA:22,1
DA:25,1
DA:27,0
DA:28,0
DA:30,0
DA:36,1
DA:41,2
DA:42,1
DA:43,1
DA:45,2
DA:46,2
DA:47,0
DA:50,1
DA:51,1
DA:55,2
DA:56,2
DA:57,0
DA:60,1
DA:62,1
DA:63,1
DA:64,1
DA:65,4
DA:66,1
DA:71,1
DA:76,0
DA:80,0
DA:81,0
DA:83,0
DA:84,0
DA:85,0
DA:88,0
DA:89,0
DA:90,0
DA:91,0
DA:92,0
DA:97,0
LF:40
LH:23
end_of_record
SF:lib\presentation\bloc\watchlist\watchlist_bloc.dart
DA:12,12
DA:13,8
DA:14,4
DA:15,4
DA:20,4
DA:21,8
DA:22,4
DA:24,4
DA:25,0
DA:26,0
DA:29,0
DA:30,4
DA:31,4
DA:32,8
DA:36,4
LF:15
LH:12
end_of_record
SF:lib\presentation\bloc\watchlist\watchlist_state.dart
DA:4,4
DA:6,1
DA:7,1
DA:19,2
DA:21,1
DA:22,2
DA:29,0
DA:31,0
DA:32,0
LF:9
LH:6
end_of_record
SF:lib\presentation\bloc\watchlist\watchlist_event.dart
DA:4,4
DA:6,0
DA:7,0
LF:3
LH:1
end_of_record
SF:lib\presentation\bloc\tv_searies_search\tv_series_search_state.dart
DA:4,2
DA:6,1
DA:7,1
DA:17,2
DA:23,1
DA:25,1
DA:26,2
DA:33,1
DA:35,1
DA:36,2
LF:10
LH:10
end_of_record
SF:lib\presentation\bloc\tv_searies_search\tv_series_search_event.dart
DA:4,1
DA:6,0
DA:7,0
DA:13,1
DA:15,0
DA:16,0
LF:6
LH:2
end_of_record
SF:lib\presentation\bloc\tv_searies_search\tv_series_search_bloc.dart
DA:12,1
DA:13,2
DA:14,2
DA:15,1
DA:16,1
DA:18,1
DA:19,2
DA:23,2
DA:25,1
DA:27,2
DA:28,1
DA:29,0
DA:32,1
DA:33,1
DA:34,1
DA:36,4
DA:37,1
DA:39,1
DA:41,3
DA:45,1
DA:48,1
DA:50,3
LF:22
LH:21
end_of_record
SF:lib\presentation\bloc\watchlist_status\watchlist_status_state.dart
DA:4,23
DA:6,1
DA:7,1
DA:17,7
DA:19,1
DA:20,2
DA:27,2
DA:29,0
DA:30,0
DA:36,15
DA:38,1
DA:39,2
LF:12
LH:10
end_of_record
SF:lib\presentation\bloc\watchlist_status\watchlist_status_bloc.dart
DA:19,1
DA:24,2
DA:25,2
DA:26,1
DA:27,1
DA:30,1
DA:32,1
DA:33,1
DA:36,1
DA:38,1
DA:39,1
DA:41,1
DA:47,1
DA:51,1
DA:52,1
DA:53,2
DA:56,2
DA:59,1
DA:64,2
DA:65,1
DA:67,1
DA:68,0
DA:69,0
DA:72,0
DA:73,1
DA:75,1
DA:77,2
DA:79,2
DA:83,1
DA:88,2
DA:89,1
DA:91,1
DA:92,0
DA:93,0
DA:94,0
DA:95,0
DA:99,0
DA:100,1
DA:101,3
DA:102,1
DA:104,1
DA:105,1
DA:106,1
DA:107,1
DA:108,1
DA:112,2
LF:46
LH:38
end_of_record
SF:lib\presentation\bloc\watchlist_status\watchlist_status_event.dart
DA:4,6
DA:6,0
DA:7,0
DA:13,1
DA:15,0
DA:16,0
DA:22,3
DA:24,0
DA:25,0
DA:31,6
DA:33,0
DA:34,0
LF:12
LH:4
end_of_record
SF:lib\common\constants.dart
DA:15,8
DA:16,4
DA:17,27
DA:19,0
DA:21,0
DA:25,0
DA:26,0
DA:27,0
DA:28,0
DA:29,0
LF:10
LH:3
end_of_record
SF:lib\presentation\pages\detail_page.dart
DA:18,2
DA:24,2
DA:25,2
DA:29,2
DA:31,2
DA:32,8
DA:33,3
DA:34,4
DA:36,4
DA:37,3
DA:38,4
DA:43,2
DA:45,2
DA:46,10
DA:50,1
DA:51,1
DA:52,1
DA:53,1
DA:54,3
DA:57,1
DA:58,1
DA:60,1
DA:61,1
DA:62,1
DA:63,1
DA:65,2
DA:69,1
DA:75,1
DA:76,1
DA:77,1
DA:78,1
DA:79,3
DA:82,1
DA:83,1
DA:85,1
DA:86,1
DA:87,1
DA:88,1
DA:90,2
DA:94,1
LF:40
LH:40
end_of_record
SF:lib\common\extension.dart
DA:4,2
DA:5,2
DA:7,4
DA:8,2
DA:9,2
DA:10,2
DA:11,0
DA:12,0
LF:8
LH:6
end_of_record
SF:lib\presentation\widgets\app_detail_content.dart
DA:20,4
DA:26,4
DA:28,4
DA:29,4
DA:30,4
DA:31,8
DA:32,12
DA:34,4
DA:38,4
DA:39,4
DA:40,4
DA:52,4
DA:53,4
DA:54,4
DA:56,4
DA:58,4
DA:60,4
DA:61,4
DA:62,8
DA:63,4
DA:65,4
DA:66,4
DA:67,4
DA:69,4
DA:70,12
DA:72,12
DA:73,2
DA:74,2
DA:75,6
DA:78,2
DA:79,4
DA:81,4
DA:82,4
DA:83,4
DA:84,12
DA:86,4
DA:94,16
DA:98,4
DA:100,4
DA:102,4
DA:103,8
DA:106,4
DA:108,4
DA:110,16
DA:115,4
DA:117,4
DA:130,4
DA:132,4
DA:135,4
DA:139,0
DA:140,0
DA:149,2
DA:150,2
DA:151,1
DA:152,1
DA:153,0
DA:156,2
DA:157,2
DA:161,2
DA:162,2
DA:164,2
DA:166,0
DA:167,0
DA:168,0
DA:170,0
DA:171,0
DA:172,0
DA:175,0
DA:178,0
DA:182,0
DA:187,4
DA:191,1
DA:197,2
DA:198,2
DA:199,1
DA:200,1
DA:201,0
DA:204,2
DA:205,2
DA:209,2
DA:210,2
DA:212,2
DA:214,0
DA:215,0
DA:216,0
DA:219,0
DA:220,0
DA:221,0
DA:224,0
DA:229,0
DA:233,0
DA:238,4
DA:242,1
DA:248,4
DA:250,8
DA:251,12
DA:254,4
DA:258,12
DA:261,2
DA:262,2
DA:263,2
DA:265,2
DA:266,2
DA:268,0
LF:104
LH:81
end_of_record
SF:lib\presentation\widgets\app_loading_widget.dart
DA:4,18
DA:6,6
LF:2
LH:2
end_of_record
SF:lib\presentation\widgets\app_image_widget.dart
DA:10,9
DA:17,9
DA:19,9
DA:23,9
DA:24,9
DA:25,9
DA:26,18
DA:27,18
DA:28,9
DA:29,9
DA:34,0
LF:11
LH:10
end_of_record
SF:lib\presentation\widgets\app_watchlist_button.dart
DA:12,5
DA:18,5
DA:20,5
DA:21,5
DA:22,5
DA:23,6
DA:25,4
DA:26,2
DA:27,2
DA:28,2
DA:32,5
DA:33,2
DA:35,2
DA:36,2
DA:37,2
DA:38,2
DA:45,5
DA:46,5
DA:47,10
DA:48,10
DA:50,15
DA:52,5
DA:53,2
DA:54,2
DA:55,8
DA:58,5
DA:60,5
DA:61,11
DA:62,5
LF:29
LH:29
end_of_record
SF:lib\presentation\pages\movies\popular_movies_page.dart
DA:12,1
DA:14,1
DA:15,1
DA:19,1
DA:21,3
DA:22,1
DA:23,1
DA:26,1
DA:28,1
DA:29,1
DA:30,1
DA:32,1
DA:33,1
DA:34,1
DA:35,2
DA:36,1
DA:38,2
DA:40,1
DA:41,1
DA:42,1
DA:43,1
DA:46,1
LF:22
LH:22
end_of_record
SF:lib\presentation\widgets\app_error_widget.dart
DA:7,4
DA:9,4
DA:11,4
DA:12,4
DA:15,4
DA:16,8
DA:17,4
DA:18,4
DA:19,0
DA:20,0
LF:10
LH:8
end_of_record
SF:lib\presentation\widgets\poster_item_widget.dart
DA:12,5
DA:14,0
DA:16,5
DA:18,5
DA:22,5
DA:23,0
DA:24,0
DA:27,0
DA:30,5
DA:32,5
DA:33,5
DA:34,5
DA:40,5
DA:42,5
DA:43,5
DA:44,10
DA:47,5
DA:50,5
DA:51,10
DA:59,5
DA:64,5
DA:68,5
DA:69,10
LF:23
LH:19
end_of_record
SF:lib\presentation\pages\movies\top_rated_movies_page.dart
DA:12,1
DA:14,1
DA:15,1
DA:19,1
DA:21,3
DA:22,1
DA:23,1
DA:26,1
DA:28,1
DA:29,1
DA:30,1
DA:32,1
DA:33,1
DA:34,1
DA:35,2
DA:36,1
DA:38,2
DA:40,1
DA:41,1
DA:42,1
DA:43,1
DA:46,1
LF:22
LH:22
end_of_record
SF:lib\presentation\pages\tvseries\popular_tv_series_page.dart
DA:12,1
DA:14,1
DA:16,3
DA:18,1
DA:19,1
DA:22,1
DA:24,1
DA:25,1
DA:26,1
DA:28,1
DA:29,1
DA:30,1
DA:31,2
DA:32,1
DA:34,2
DA:36,1
DA:37,1
DA:38,1
DA:39,1
DA:42,1
LF:20
LH:20
end_of_record
SF:lib\presentation\pages\tvseries\top_rated_tv_series_page.dart
DA:12,1
DA:14,1
DA:16,3
DA:18,1
DA:19,1
DA:22,1
DA:24,1
DA:25,1
DA:26,1
DA:28,1
DA:29,1
DA:30,1
DA:31,2
DA:32,1
DA:34,2
DA:36,1
DA:37,3
DA:39,1
LF:18
LH:18
end_of_record
