SF:lib\data\datasources\movie_remote_data_source.dart
DA:24,1
DA:26,1
DA:29,3
DA:31,2
DA:32,4
DA:34,1
DA:38,1
DA:41,4
DA:43,2
DA:44,3
DA:46,1
DA:50,1
DA:52,1
DA:53,3
DA:55,2
DA:56,4
DA:58,1
DA:62,1
DA:65,3
DA:67,2
DA:68,4
DA:70,1
DA:74,1
DA:77,3
DA:79,2
DA:80,4
DA:82,1
DA:86,1
DA:88,1
DA:89,3
DA:91,2
DA:92,4
DA:94,1
LF:33
LH:33
end_of_record
SF:lib\data\models\movie_detail_model.dart
DA:6,2
DA:52,1
DA:53,1
DA:54,1
DA:55,1
DA:56,1
DA:57,1
DA:58,4
DA:59,1
DA:60,1
DA:61,1
DA:62,1
DA:63,1
DA:64,1
DA:65,2
DA:66,1
DA:67,1
DA:68,1
DA:69,1
DA:70,1
DA:71,1
DA:72,1
DA:73,1
DA:74,2
DA:75,1
DA:78,0
DA:79,0
DA:80,0
DA:81,0
DA:82,0
DA:83,0
DA:84,0
DA:85,0
DA:86,0
DA:87,0
DA:88,0
DA:89,0
DA:90,0
DA:91,0
DA:92,0
DA:93,0
DA:94,0
DA:95,0
DA:96,0
DA:97,0
DA:98,0
DA:99,0
DA:102,1
DA:103,1
DA:104,1
DA:105,1
DA:106,5
DA:107,1
DA:108,1
DA:109,1
DA:110,1
DA:111,1
DA:112,1
DA:113,1
DA:114,1
DA:115,1
DA:119,1
DA:120,1
DA:121,1
DA:122,1
DA:123,1
DA:124,1
DA:125,1
DA:126,1
DA:127,1
DA:128,1
DA:129,1
DA:130,1
DA:131,1
DA:132,1
DA:133,1
DA:134,1
DA:135,1
DA:136,1
DA:137,1
DA:138,1
DA:139,1
DA:140,1
DA:141,1
LF:84
LH:62
end_of_record
SF:lib\data\models\movie_response.dart
DA:7,2
DA:9,4
DA:10,4
DA:11,6
DA:12,6
DA:15,2
DA:16,5
DA:19,1
DA:20,2
LF:9
LH:9
end_of_record
SF:lib\common\exception.dart
DA:6,2
LF:1
LH:1
end_of_record
SF:lib\common\failure.dart
DA:6,13
DA:8,3
DA:9,6
DA:13,24
DA:17,4
DA:21,2
DA:25,2
LF:7
LH:7
end_of_record
SF:lib\data\datasources\db\database_helper.dart
DA:8,0
DA:12,0
DA:16,0
DA:18,0
DA:25,0
DA:26,0
DA:27,0
DA:29,0
DA:33,0
DA:34,0
DA:46,0
DA:47,0
DA:48,0
DA:51,0
DA:52,0
DA:53,0
DA:58,0
DA:62,0
DA:63,0
DA:64,0
DA:69,0
DA:72,0
DA:73,0
DA:79,0
DA:80,0
DA:81,0
LF:26
LH:0
end_of_record
SF:lib\data\datasources\tv_remote_data_source.dart
DA:23,1
DA:25,1
DA:27,3
DA:29,2
DA:30,3
DA:32,1
DA:36,1
DA:38,3
DA:40,2
DA:41,3
DA:43,1
DA:47,1
DA:49,3
DA:51,2
DA:52,3
DA:54,1
DA:58,1
DA:60,4
DA:62,2
DA:63,3
DA:65,1
DA:69,1
DA:71,4
DA:73,2
DA:74,3
DA:76,1
DA:80,1
DA:82,4
DA:84,2
DA:85,3
DA:87,1
LF:31
LH:31
end_of_record
SF:lib\data\datasources\watchlist_local_data_source.dart
DA:15,1
DA:17,1
DA:20,2
DA:23,2
DA:27,1
DA:30,2
DA:33,2
DA:37,1
DA:39,2
DA:41,1
DA:47,1
DA:49,1
DA:51,2
DA:52,2
DA:53,1
DA:54,1
LF:16
LH:16
end_of_record
SF:lib\data\models\movie_model.dart
DA:5,4
DA:35,4
DA:36,2
DA:37,2
DA:38,8
DA:39,2
DA:40,2
DA:41,2
DA:42,4
DA:43,2
DA:44,2
DA:45,2
DA:46,2
DA:47,4
DA:48,2
DA:51,2
DA:52,1
DA:53,1
DA:54,4
DA:55,1
DA:56,1
DA:57,1
DA:58,1
DA:59,1
DA:60,1
DA:61,1
DA:62,1
DA:63,1
DA:64,1
DA:67,2
DA:68,2
DA:69,2
DA:70,2
DA:71,2
DA:72,2
DA:73,2
DA:74,2
DA:75,2
DA:76,2
DA:77,2
DA:78,2
DA:79,2
DA:80,2
DA:81,2
DA:85,2
DA:86,2
DA:87,2
DA:88,2
DA:89,2
DA:90,2
DA:91,2
DA:92,2
DA:93,2
DA:94,2
DA:95,2
DA:96,2
DA:97,2
DA:98,2
DA:99,2
LF:59
LH:59
end_of_record
SF:lib\data\models\tv_detail_response_model.dart
DA:35,7
DA:70,2
DA:71,1
DA:72,1
DA:73,5
DA:74,4
DA:75,2
DA:76,5
DA:77,1
DA:78,1
DA:79,1
DA:80,4
DA:81,2
DA:82,2
DA:83,1
DA:84,1
DA:85,5
DA:86,1
DA:87,1
DA:88,4
DA:89,1
DA:90,1
DA:91,1
DA:92,2
DA:93,1
DA:94,5
DA:95,5
DA:96,5
DA:97,5
DA:98,1
DA:99,1
DA:100,1
DA:101,2
DA:102,1
DA:105,2
DA:106,1
DA:107,1
DA:108,5
DA:109,4
DA:110,13
DA:111,5
DA:112,1
DA:113,1
DA:114,1
DA:115,4
DA:116,13
DA:117,2
DA:118,1
DA:119,1
DA:120,5
DA:121,1
DA:122,1
DA:123,4
DA:124,1
DA:125,1
DA:126,1
DA:127,1
DA:128,1
DA:129,5
DA:130,5
DA:131,5
DA:132,5
DA:133,1
DA:134,1
DA:135,1
DA:136,1
DA:137,1
DA:148,7
DA:156,2
DA:157,1
DA:158,1
DA:159,1
DA:160,1
DA:161,1
DA:164,2
DA:165,1
DA:166,1
DA:167,1
DA:168,1
DA:169,1
DA:177,7
DA:182,2
DA:183,1
DA:184,1
DA:187,2
DA:188,1
DA:189,1
DA:208,7
DA:224,2
DA:225,1
DA:226,1
DA:227,1
DA:228,2
DA:229,1
DA:230,3
DA:231,1
DA:232,1
DA:233,1
DA:234,1
DA:235,1
DA:236,1
DA:237,1
DA:240,2
DA:241,1
DA:242,1
DA:243,1
DA:244,1
DA:245,1
DA:246,13
DA:247,1
DA:248,1
DA:249,1
DA:250,1
DA:251,1
DA:252,1
DA:253,1
DA:263,7
DA:270,2
DA:271,1
DA:272,1
DA:273,1
DA:274,1
DA:277,2
DA:278,1
DA:279,1
DA:280,1
DA:281,1
DA:289,7
DA:294,2
DA:295,1
DA:296,1
DA:299,2
DA:300,1
DA:301,1
DA:315,7
DA:326,2
DA:327,3
DA:328,1
DA:329,1
DA:330,1
DA:331,1
DA:332,1
DA:333,1
DA:334,2
DA:337,2
DA:338,13
DA:339,1
DA:340,1
DA:341,1
DA:342,1
DA:343,1
DA:344,1
DA:345,1
DA:354,7
DA:360,2
DA:361,1
DA:362,1
DA:363,1
DA:366,2
DA:367,1
DA:368,1
DA:369,1
LF:162
LH:162
end_of_record
SF:lib\data\models\tv_series_response_model.dart
DA:7,12
DA:14,2
DA:15,1
DA:16,6
DA:17,1
DA:18,1
DA:21,2
DA:22,1
DA:23,5
DA:24,1
DA:25,1
DA:45,14
DA:62,2
DA:63,1
DA:64,1
DA:65,5
DA:66,1
DA:67,5
DA:68,1
DA:69,1
DA:70,1
DA:71,2
DA:72,1
DA:73,3
DA:74,1
DA:75,2
DA:76,1
DA:79,2
DA:80,1
DA:81,1
DA:82,4
DA:83,1
DA:84,4
DA:85,1
DA:86,1
DA:87,1
DA:88,1
DA:89,1
DA:90,13
DA:91,1
DA:92,1
DA:93,1
LF:42
LH:42
end_of_record
SF:lib\data\models\watchlist_table.dart
DA:15,2
DA:23,0
DA:24,0
DA:25,0
DA:26,0
DA:27,0
DA:28,0
DA:31,2
DA:32,1
DA:33,1
DA:34,1
DA:35,1
DA:36,1
DA:39,2
DA:40,1
DA:41,1
DA:42,1
DA:43,1
DA:44,2
DA:47,0
DA:48,0
DA:49,0
DA:50,0
DA:51,0
DA:52,0
DA:55,0
DA:56,0
DA:57,0
DA:58,0
DA:59,0
DA:60,0
DA:63,0
DA:64,0
DA:65,0
DA:66,0
DA:67,0
DA:70,2
DA:71,1
DA:72,1
DA:73,1
DA:74,1
DA:75,3
DA:78,2
DA:79,2
DA:80,2
DA:81,2
DA:82,2
DA:83,2
DA:84,2
LF:49
LH:26
end_of_record
SF:lib\domain\entities\item_data_entity.dart
DA:17,10
DA:28,14
DA:29,7
DA:30,7
DA:31,7
DA:32,14
DA:33,7
DA:34,7
DA:35,7
DA:39,6
DA:40,3
DA:41,3
DA:42,21
DA:43,9
DA:44,3
DA:45,6
DA:46,3
DA:50,1
DA:51,1
DA:52,1
DA:53,1
DA:54,1
DA:55,1
DA:56,1
DA:57,1
DA:58,1
LF:26
LH:26
end_of_record
SF:lib\domain\entities\movie_detail_entity.dart
DA:5,11
DA:33,1
DA:34,1
DA:35,1
DA:36,1
DA:37,1
DA:38,1
DA:39,1
DA:40,1
DA:41,1
DA:42,1
DA:43,1
DA:44,1
DA:45,1
LF:14
LH:14
end_of_record
SF:lib\domain\entities\movie_entity.dart
DA:5,11
DA:21,3
DA:42,3
DA:43,3
DA:44,3
DA:45,3
DA:46,3
DA:47,3
DA:48,3
DA:49,3
DA:50,3
DA:51,3
DA:52,3
DA:53,3
DA:54,3
DA:55,3
DA:56,3
LF:17
LH:17
end_of_record
SF:lib\domain\entities\poster_5_entity.dart
DA:14,16
DA:22,18
DA:23,9
DA:24,9
DA:25,9
DA:26,9
DA:30,4
DA:31,2
DA:32,2
DA:33,2
DA:34,2
DA:38,10
DA:39,5
DA:40,5
DA:41,5
DA:42,5
DA:46,7
DA:47,7
DA:48,7
DA:49,7
DA:50,7
DA:51,7
LF:22
LH:22
end_of_record
SF:lib\data\models\genre_model.dart
DA:5,2
DA:13,2
DA:14,1
DA:15,1
DA:18,0
DA:19,0
DA:20,0
DA:23,1
DA:24,3
DA:27,1
DA:28,3
LF:11
LH:8
end_of_record
SF:lib\domain\entities\genre_entity.dart
DA:4,14
DA:12,0
DA:13,0
DA:14,0
DA:17,0
DA:18,0
DA:19,0
DA:22,2
DA:23,6
LF:9
LH:3
end_of_record
SF:lib\data\repositories\movie_repository_impl.dart
DA:15,1
DA:20,1
DA:23,2
DA:24,5
DA:25,1
DA:26,2
DA:27,1
DA:28,2
DA:32,1
DA:35,2
DA:36,2
DA:37,1
DA:38,2
DA:39,1
DA:40,2
DA:44,1
DA:47,2
DA:48,3
DA:49,1
DA:50,2
DA:51,1
DA:52,2
DA:56,1
DA:59,2
DA:60,5
DA:61,1
DA:62,2
DA:63,1
DA:64,2
DA:68,1
DA:71,2
DA:72,5
DA:73,1
DA:74,2
DA:75,1
DA:76,2
DA:80,1
DA:83,2
DA:84,5
DA:85,1
DA:86,2
DA:87,1
DA:88,2
LF:43
LH:43
end_of_record
SF:lib\data\repositories\tv_series_repository_impl.dart
DA:14,1
DA:16,1
DA:19,2
DA:20,1
DA:21,1
DA:22,2
DA:23,1
DA:24,2
DA:26,2
DA:30,1
DA:33,2
DA:34,1
DA:35,1
DA:36,2
DA:37,1
DA:38,2
DA:40,2
DA:44,1
DA:47,2
DA:48,1
DA:49,1
DA:50,2
DA:51,1
DA:52,2
DA:54,0
DA:58,1
DA:61,2
DA:62,1
DA:63,1
DA:64,2
DA:65,1
DA:66,2
DA:68,0
DA:72,1
DA:75,2
DA:76,1
DA:77,1
DA:78,2
DA:79,1
DA:80,2
DA:82,0
DA:86,1
DA:89,2
DA:90,1
DA:91,1
DA:92,2
DA:93,1
DA:94,2
DA:96,0
LF:49
LH:45
end_of_record
SF:lib\data\repositories\watchlist_repository_impl.dart
DA:13,1
DA:15,1
DA:17,2
DA:18,5
DA:21,1
DA:23,2
DA:27,1
DA:30,2
DA:31,1
DA:32,1
DA:33,3
DA:37,1
DA:40,1
DA:41,2
DA:42,1
DA:43,1
DA:44,3
LF:17
LH:17
end_of_record
SF:lib\domain\usecases\get_watchlist_movies.dart
DA:9,1
DA:11,1
DA:12,2
LF:3
LH:3
end_of_record
SF:lib\domain\usecases\get_watchlist_status.dart
DA:6,1
DA:8,1
DA:9,2
LF:3
LH:3
end_of_record
SF:lib\domain\usecases\get_movie_detail.dart
DA:9,1
DA:11,1
DA:12,2
LF:3
LH:3
end_of_record
SF:lib\domain\usecases\get_movie_recommendations.dart
DA:9,1
DA:11,1
DA:12,2
LF:3
LH:3
end_of_record
SF:lib\domain\usecases\get_now_playing_movies.dart
DA:9,1
DA:11,1
DA:12,2
LF:3
LH:3
end_of_record
SF:lib\domain\usecases\get_popular_movies.dart
DA:9,1
DA:11,1
DA:12,2
LF:3
LH:3
end_of_record
SF:lib\domain\usecases\get_top_rated_movies.dart
DA:9,1
DA:11,1
DA:12,2
LF:3
LH:3
end_of_record
SF:lib\domain\usecases\search_movies.dart
DA:9,1
DA:11,1
DA:12,2
LF:3
LH:3
end_of_record
SF:lib\domain\entities\poster_2_entity.dart
DA:10,7
DA:15,0
DA:16,0
DA:17,0
DA:20,0
DA:21,0
DA:25,0
DA:26,0
DA:27,0
LF:9
LH:1
end_of_record
SF:lib\domain\usecases\remove_watchlist.dart
DA:9,1
DA:11,1
DA:12,2
DA:13,1
DA:14,2
LF:5
LH:5
end_of_record
SF:lib\domain\entities\poster_3_entity.dart
DA:12,4
DA:18,4
DA:19,2
DA:20,2
DA:24,4
DA:25,2
DA:26,2
DA:30,0
DA:31,0
DA:32,0
DA:33,0
DA:36,3
DA:37,9
LF:13
LH:9
end_of_record
SF:lib\domain\usecases\save_watchlist.dart
DA:9,1
DA:11,1
DA:12,2
LF:3
LH:3
end_of_record
SF:lib\domain\usecases\get_on_the_air_tv_series.dart
DA:9,1
DA:11,1
DA:12,2
LF:3
LH:3
end_of_record
SF:lib\domain\usecases\get_popular_tv_series.dart
DA:9,1
DA:11,1
DA:12,2
LF:3
LH:3
end_of_record
SF:lib\domain\usecases\get_top_rated_tv_series.dart
DA:9,1
DA:11,1
DA:12,2
LF:3
LH:3
end_of_record
SF:lib\domain\usecases\get_tv_series_detail.dart
DA:9,1
DA:11,1
DA:12,2
LF:3
LH:3
end_of_record
SF:lib\domain\usecases\get_tv_series_recommendations.dart
DA:9,1
DA:11,1
DA:12,2
LF:3
LH:3
end_of_record
SF:lib\domain\usecases\search_tv_series.dart
DA:9,1
DA:11,1
DA:12,2
LF:3
LH:3
end_of_record
SF:lib\presentation\bloc\home_state_handler\home_state_handler_bloc.dart
DA:11,3
DA:12,2
DA:13,1
DA:14,1
DA:19,1
DA:22,2
DA:23,2
DA:25,2
LF:8
LH:8
end_of_record
SF:lib\presentation\bloc\home_state_handler\home_state_handler_state.dart
DA:4,1
DA:6,1
DA:7,1
LF:3
LH:3
end_of_record
SF:lib\presentation\bloc\home_state_handler\home_state_handler_event.dart
DA:4,1
DA:6,0
DA:7,0
DA:13,1
LF:4
LH:2
end_of_record
SF:lib\presentation\bloc\movie_detail\movie_detail_event.dart
DA:4,2
DA:6,0
DA:7,0
DA:13,2
DA:15,0
DA:16,0
DA:22,1
DA:24,0
DA:25,0
LF:9
LH:3
end_of_record
SF:lib\presentation\bloc\movie_detail\movie_detail_state.dart
DA:4,3
DA:6,1
DA:7,1
DA:18,3
DA:25,2
LF:5
LH:5
end_of_record
SF:lib\presentation\bloc\movie_detail\movie_detail_bloc.dart
DA:14,3
DA:15,2
DA:16,1
DA:17,2
DA:18,1
DA:19,2
DA:24,1
DA:25,2
DA:27,1
DA:28,1
DA:30,1
DA:31,0
DA:32,0
DA:33,0
DA:36,0
DA:38,1
DA:39,1
DA:42,1
DA:43,1
DA:44,2
DA:45,0
DA:48,1
DA:50,1
DA:51,1
DA:53,1
DA:54,4
DA:56,1
DA:60,1
DA:67,1
DA:71,2
DA:72,2
DA:74,1
DA:75,0
DA:76,0
DA:79,0
DA:80,1
DA:81,4
DA:82,1
DA:87,1
LF:39
LH:31
end_of_record
SF:lib\presentation\bloc\now_playing_movie\now_playing_movie_event.dart
DA:4,1
DA:6,0
DA:7,0
LF:3
LH:1
end_of_record
SF:lib\presentation\bloc\now_playing_movie\now_playing_movie_state.dart
DA:4,1
DA:6,1
DA:7,1
DA:17,1
DA:19,1
DA:20,2
DA:27,1
DA:29,1
DA:30,2
LF:9
LH:9
end_of_record
SF:lib\presentation\bloc\now_playing_movie\now_playing_movie_bloc.dart
DA:13,1
DA:14,2
DA:15,2
DA:16,1
DA:17,1
DA:22,1
DA:24,2
DA:26,1
DA:28,2
DA:29,2
DA:30,0
DA:33,1
DA:34,1
DA:35,4
DA:36,1
DA:38,1
LF:16
LH:15
end_of_record
SF:lib\presentation\bloc\movie_search\movie_search_state.dart
DA:4,1
DA:6,1
DA:7,1
DA:15,1
DA:24,1
DA:26,1
DA:27,3
DA:33,1
DA:35,1
DA:36,2
LF:10
LH:10
end_of_record
SF:lib\presentation\bloc\movie_search\movie_search_bloc.dart
DA:12,3
DA:13,2
DA:14,1
DA:15,1
DA:17,1
DA:18,2
DA:22,2
DA:24,1
DA:26,2
DA:27,1
DA:28,0
DA:31,1
DA:32,1
DA:33,1
DA:34,1
DA:36,1
DA:38,3
DA:42,1
DA:45,1
DA:47,3
LF:20
LH:19
end_of_record
SF:lib\presentation\bloc\movie_search\movie_search_event.dart
DA:4,1
DA:6,0
DA:7,0
DA:13,1
DA:15,0
DA:16,0
LF:6
LH:2
end_of_record
SF:lib\presentation\bloc\on_the_air_tv_series\on_the_air_tv_series_state.dart
DA:4,1
DA:6,1
DA:7,1
DA:17,1
DA:19,1
DA:20,2
DA:27,1
DA:29,1
DA:30,2
LF:9
LH:9
end_of_record
SF:lib\presentation\bloc\on_the_air_tv_series\on_the_air_tv_series_bloc.dart
DA:12,3
DA:13,2
DA:14,1
DA:15,1
DA:20,1
DA:21,2
DA:23,1
DA:24,2
DA:25,2
DA:26,0
DA:29,1
DA:30,1
DA:31,5
DA:32,1
DA:34,1
LF:15
LH:14
end_of_record
SF:lib\presentation\bloc\on_the_air_tv_series\on_the_air_tv_series_event.dart
DA:4,1
DA:6,0
DA:7,0
LF:3
LH:1
end_of_record
SF:lib\presentation\bloc\popular_movie\popular_movie_state.dart
DA:4,2
DA:6,1
DA:7,1
DA:17,2
DA:19,1
DA:20,2
DA:27,2
DA:29,1
DA:30,2
LF:9
LH:9
end_of_record
SF:lib\presentation\bloc\popular_movie\popular_movie_bloc.dart
DA:12,3
DA:13,2
DA:14,1
DA:15,1
DA:20,1
DA:21,2
DA:22,1
DA:24,2
DA:25,2
DA:26,0
DA:29,1
DA:30,1
DA:31,4
DA:32,1
DA:34,1
LF:15
LH:14
end_of_record
SF:lib\presentation\bloc\popular_movie\popular_movie_event.dart
DA:4,2
DA:6,0
DA:7,0
LF:3
LH:1
end_of_record
SF:lib\presentation\bloc\popular_tv_series\popular_tv_series_state.dart
DA:4,2
DA:6,1
DA:7,1
DA:17,2
DA:19,1
DA:20,2
DA:27,2
DA:29,1
DA:30,2
LF:9
LH:9
end_of_record
SF:lib\presentation\bloc\popular_tv_series\popular_tv_series_bloc.dart
DA:12,3
DA:13,2
DA:14,1
DA:15,1
DA:20,1
DA:21,2
DA:23,1
DA:25,2
DA:26,2
DA:27,0
DA:30,1
DA:31,1
DA:32,5
DA:33,1
DA:35,1
LF:15
LH:14
end_of_record
SF:lib\presentation\bloc\popular_tv_series\popular_tv_series_event.dart
DA:4,2
DA:6,0
DA:7,0
LF:3
LH:1
end_of_record
SF:lib\presentation\bloc\top_rated_movie\top_rated_movie_state.dart
DA:4,2
DA:6,1
DA:7,1
DA:17,2
DA:19,1
DA:20,2
DA:27,2
DA:29,1
DA:30,2
LF:9
LH:9
end_of_record
SF:lib\presentation\bloc\top_rated_movie\top_rated_movie_bloc.dart
DA:12,3
DA:13,2
DA:14,1
DA:15,1
DA:20,1
DA:21,2
DA:23,1
DA:24,2
DA:25,2
DA:26,0
DA:29,1
DA:30,1
DA:31,4
DA:32,1
DA:34,1
LF:15
LH:14
end_of_record
SF:lib\presentation\bloc\top_rated_movie\top_rated_movie_event.dart
DA:4,2
DA:6,0
DA:7,0
LF:3
LH:1
end_of_record
SF:lib\presentation\bloc\top_rated_tv_series\top_rated_tv_series_event.dart
DA:4,2
DA:6,0
DA:7,0
LF:3
LH:1
end_of_record
SF:lib\presentation\bloc\top_rated_tv_series\top_rated_tv_series_bloc.dart
DA:12,3
DA:13,2
DA:14,1
DA:15,1
DA:20,1
DA:21,2
DA:22,1
DA:24,2
DA:25,2
DA:26,0
DA:29,1
DA:30,1
DA:31,5
DA:32,1
DA:34,1
LF:15
LH:14
end_of_record
SF:lib\presentation\bloc\top_rated_tv_series\top_rated_tv_series_state.dart
DA:4,2
DA:6,1
DA:7,1
DA:17,2
DA:19,1
DA:20,2
DA:27,2
DA:29,1
DA:30,2
LF:9
LH:9
end_of_record
SF:lib\presentation\bloc\tv_detail\tv_detail_event.dart
DA:4,2
DA:6,0
DA:7,0
DA:13,2
DA:15,0
DA:16,0
DA:22,0
DA:24,0
DA:25,0
LF:9
LH:2
end_of_record
SF:lib\presentation\bloc\tv_detail\tv_detail_state.dart
DA:4,3
DA:6,1
DA:7,1
DA:18,3
DA:20,1
DA:21,3
DA:28,2
DA:30,1
DA:31,2
LF:9
LH:9
end_of_record
SF:lib\presentation\bloc\tv_detail\tv_detail_bloc.dart
DA:16,1
DA:19,2
DA:20,2
DA:21,1
DA:22,1
DA:25,1
DA:27,0
DA:28,0
DA:30,0
DA:36,1
DA:41,2
DA:42,1
DA:43,1
DA:45,2
DA:46,2
DA:47,0
DA:50,1
DA:51,1
DA:52,1
DA:55,2
DA:56,2
DA:57,0
DA:60,1
DA:62,1
DA:63,1
DA:64,1
DA:65,5
DA:66,1
DA:71,1
DA:76,0
DA:80,0
DA:81,0
DA:83,0
DA:84,0
DA:85,0
DA:88,0
DA:89,0
DA:90,0
DA:91,0
DA:92,0
DA:97,0
LF:41
LH:24
end_of_record
SF:lib\presentation\bloc\watchlist\watchlist_bloc.dart
DA:12,6
DA:13,4
DA:14,2
DA:15,2
DA:20,2
DA:21,4
DA:22,2
DA:24,2
DA:25,0
DA:26,0
DA:29,0
DA:30,2
DA:31,2
DA:32,4
DA:36,4
LF:15
LH:12
end_of_record
SF:lib\presentation\bloc\watchlist\watchlist_state.dart
DA:4,2
DA:6,1
DA:7,1
DA:19,2
DA:21,1
DA:22,2
DA:29,0
DA:31,0
DA:32,0
LF:9
LH:6
end_of_record
SF:lib\presentation\bloc\watchlist\watchlist_event.dart
DA:4,2
DA:6,0
DA:7,0
LF:3
LH:1
end_of_record
SF:lib\presentation\bloc\watchlist_status\watchlist_status_state.dart
DA:4,6
DA:6,1
DA:7,1
DA:17,6
DA:19,1
DA:20,2
DA:27,2
DA:29,0
DA:30,0
DA:36,3
DA:38,1
DA:39,2
LF:12
LH:10
end_of_record
SF:lib\presentation\bloc\watchlist_status\watchlist_status_bloc.dart
DA:19,1
DA:24,2
DA:25,2
DA:26,1
DA:27,1
DA:30,1
DA:32,1
DA:33,1
DA:36,1
DA:38,1
DA:39,1
DA:41,1
DA:47,1
DA:51,1
DA:52,1
DA:53,2
DA:56,2
DA:59,1
DA:64,2
DA:65,1
DA:67,1
DA:68,0
DA:69,0
DA:72,0
DA:73,1
DA:74,1
DA:75,1
DA:77,2
DA:79,2
DA:83,1
DA:88,2
DA:89,1
DA:91,1
DA:92,0
DA:93,0
DA:94,0
DA:95,0
DA:99,0
DA:100,1
DA:101,3
DA:102,1
DA:104,1
DA:105,1
DA:106,1
DA:107,1
DA:108,1
DA:112,2
LF:47
LH:39
end_of_record
SF:lib\presentation\bloc\watchlist_status\watchlist_status_event.dart
DA:4,6
DA:6,0
DA:7,0
DA:13,1
DA:15,0
DA:16,0
DA:22,3
DA:24,0
DA:25,0
DA:31,6
DA:33,0
LF:11
LH:4
end_of_record
SF:lib\presentation\bloc\tv_searies_search\tv_series_search_state.dart
DA:4,1
DA:6,1
DA:7,1
DA:17,1
DA:23,1
DA:25,1
DA:26,2
DA:33,1
DA:35,1
DA:36,2
LF:10
LH:10
end_of_record
SF:lib\presentation\bloc\tv_searies_search\tv_series_search_event.dart
DA:4,1
DA:6,0
DA:7,0
DA:13,1
DA:15,0
DA:16,0
LF:6
LH:2
end_of_record
SF:lib\presentation\bloc\tv_searies_search\tv_series_search_bloc.dart
DA:12,1
DA:13,2
DA:14,2
DA:15,1
DA:16,1
DA:18,1
DA:19,2
DA:23,2
DA:25,1
DA:27,2
DA:28,1
DA:29,0
DA:32,1
DA:33,1
DA:34,2
DA:36,5
DA:37,1
DA:39,1
DA:41,0
DA:45,1
DA:48,1
DA:50,3
LF:22
LH:20
end_of_record
SF:lib\common\constants.dart
DA:15,10
DA:16,5
DA:17,30
DA:19,3
DA:21,3
DA:25,3
DA:26,1
DA:27,1
DA:28,1
DA:29,1
LF:10
LH:10
end_of_record
SF:lib\presentation\pages\detail_page.dart
DA:15,2
DA:17,2
DA:18,2
DA:22,2
DA:24,2
DA:25,8
DA:26,3
DA:27,4
DA:29,4
DA:30,3
DA:31,4
DA:36,2
DA:38,2
DA:39,10
DA:43,1
DA:44,1
DA:45,1
DA:46,1
DA:47,3
DA:50,1
DA:51,1
DA:52,1
DA:53,1
DA:55,1
DA:56,1
DA:57,1
DA:58,1
DA:61,1
DA:67,1
DA:68,1
DA:69,1
DA:70,1
DA:71,3
DA:74,1
DA:75,1
DA:76,1
DA:77,1
DA:79,1
DA:80,1
DA:81,1
DA:82,1
DA:85,1
LF:42
LH:42
end_of_record
SF:lib\common\extension.dart
DA:4,2
DA:5,2
DA:7,4
DA:8,2
DA:9,2
DA:10,2
DA:11,0
DA:12,0
DA:14,2
LF:9
LH:7
end_of_record
SF:lib\presentation\widgets\app_detail_content.dart
DA:19,4
DA:21,4
DA:23,4
DA:24,4
DA:25,4
DA:26,8
DA:27,12
DA:29,4
DA:33,4
DA:34,4
DA:35,4
DA:36,4
DA:38,4
DA:39,4
DA:47,4
DA:48,4
DA:49,4
DA:51,4
DA:53,4
DA:55,4
DA:56,4
DA:57,8
DA:58,4
DA:60,8
DA:61,4
DA:62,12
DA:64,12
DA:65,2
DA:66,2
DA:67,6
DA:70,2
DA:71,4
DA:73,4
DA:74,4
DA:75,4
DA:76,12
DA:78,4
DA:79,4
DA:86,16
DA:89,4
DA:90,4
DA:92,4
DA:94,4
DA:95,8
DA:97,4
DA:98,4
DA:100,4
DA:102,16
DA:107,4
DA:109,4
DA:122,4
DA:124,4
DA:127,4
DA:128,4
DA:131,0
DA:132,0
DA:141,2
DA:142,2
DA:143,1
DA:144,1
DA:145,0
DA:148,2
DA:149,2
DA:150,0
DA:151,0
DA:153,2
DA:154,2
DA:156,2
DA:158,0
DA:159,0
DA:160,0
DA:162,0
DA:163,0
DA:164,0
DA:167,0
DA:170,0
DA:171,0
DA:172,0
DA:174,0
DA:179,4
DA:183,1
DA:189,2
DA:190,2
DA:191,1
DA:192,1
DA:193,0
DA:196,2
DA:197,2
DA:198,0
DA:199,0
DA:201,2
DA:202,2
DA:204,2
DA:206,0
DA:207,0
DA:208,0
DA:211,0
DA:212,0
DA:213,0
DA:216,0
DA:221,0
DA:222,0
DA:223,0
DA:225,0
DA:230,4
DA:234,1
DA:240,4
DA:242,8
DA:243,12
DA:246,4
DA:250,12
DA:253,2
DA:254,2
DA:255,2
DA:257,2
DA:258,2
DA:260,0
LF:117
LH:86
end_of_record
SF:lib\presentation\widgets\app_image_widget.dart
DA:10,9
DA:16,9
DA:18,9
DA:19,9
DA:20,9
DA:22,9
DA:23,9
DA:24,9
DA:25,18
DA:26,18
DA:27,9
DA:28,9
DA:29,9
DA:30,9
DA:33,0
LF:15
LH:14
end_of_record
SF:lib\presentation\widgets\app_watchlist_button.dart
DA:10,5
DA:12,5
DA:14,5
DA:15,5
DA:16,5
DA:17,4
DA:18,2
DA:19,2
DA:20,2
DA:24,5
DA:25,2
DA:27,2
DA:28,2
DA:29,2
DA:30,2
DA:37,5
DA:38,5
DA:39,10
DA:40,10
DA:42,15
DA:44,5
DA:45,2
DA:46,2
DA:47,8
DA:50,5
DA:52,5
DA:53,17
DA:54,5
LF:28
LH:28
end_of_record
SF:lib\presentation\pages\movies\popular_movies_page.dart
DA:10,1
DA:11,1
DA:15,1
DA:17,3
DA:18,1
DA:19,1
DA:20,1
DA:22,1
DA:24,1
DA:25,1
DA:26,1
DA:27,1
DA:28,1
DA:30,1
DA:31,1
DA:32,1
DA:33,2
DA:34,1
DA:36,2
DA:38,1
DA:39,1
DA:40,1
DA:41,1
DA:44,1
LF:24
LH:24
end_of_record
SF:lib\presentation\widgets\app_error_widget.dart
DA:7,4
DA:9,4
DA:11,4
DA:12,4
DA:15,4
DA:16,8
DA:17,4
DA:18,4
DA:19,0
DA:20,0
DA:22,4
LF:11
LH:9
end_of_record
SF:lib\presentation\widgets\poster_item_widget.dart
DA:12,5
DA:14,0
DA:16,5
DA:18,5
DA:22,5
DA:23,0
DA:24,0
DA:27,0
DA:30,5
DA:32,5
DA:33,5
DA:34,5
DA:40,5
DA:42,5
DA:43,5
DA:44,10
DA:47,5
DA:49,5
DA:50,5
DA:51,10
DA:59,5
DA:64,5
DA:65,5
DA:66,10
DA:70,5
DA:71,5
LF:26
LH:22
end_of_record
SF:lib\presentation\pages\tvseries\popular_tv_series_page.dart
DA:10,1
DA:12,3
DA:14,1
DA:15,1
DA:16,1
DA:18,1
DA:20,1
DA:21,1
DA:22,1
DA:23,1
DA:24,1
DA:26,1
DA:27,1
DA:28,1
DA:29,2
DA:30,1
DA:32,2
DA:34,1
DA:35,1
DA:36,1
DA:37,1
DA:40,1
LF:22
LH:22
end_of_record
SF:lib\presentation\pages\movies\top_rated_movies_page.dart
DA:10,1
DA:11,1
DA:15,1
DA:17,3
DA:18,1
DA:19,1
DA:20,1
DA:22,1
DA:24,1
DA:25,1
DA:26,1
DA:27,1
DA:28,1
DA:30,1
DA:31,1
DA:32,1
DA:33,2
DA:34,1
DA:36,2
DA:38,1
DA:39,1
DA:40,1
DA:41,1
DA:44,1
LF:24
LH:24
end_of_record
SF:lib\presentation\pages\tvseries\top_rated_tv_series_page.dart
DA:10,1
DA:12,3
DA:14,1
DA:15,1
DA:16,1
DA:18,1
DA:20,1
DA:21,1
DA:22,1
DA:23,1
DA:24,1
DA:26,1
DA:27,1
DA:28,1
DA:29,2
DA:30,1
DA:32,2
DA:34,1
DA:35,3
DA:37,1
LF:20
LH:20
end_of_record
SF:lib\app.dart
DA:34,1
DA:36,1
DA:37,1
DA:38,1
DA:39,1
DA:40,1
DA:41,1
DA:42,1
DA:43,1
DA:44,1
DA:45,1
DA:46,1
DA:47,1
DA:48,1
DA:49,1
DA:50,4
DA:52,1
DA:54,2
DA:58,1
DA:60,1
DA:61,2
DA:62,0
DA:63,0
DA:64,0
DA:65,0
DA:66,0
DA:68,0
DA:69,0
DA:70,0
DA:72,0
DA:73,0
DA:74,0
DA:76,0
DA:77,0
DA:78,0
DA:80,0
DA:81,0
DA:82,0
DA:84,0
DA:85,0
DA:86,0
DA:87,0
DA:90,0
DA:91,0
DA:92,0
DA:93,0
DA:95,0
DA:96,0
DA:97,0
DA:99,0
DA:100,0
DA:101,0
DA:104,0
DA:105,0
DA:106,0
DA:107,0
LF:56
LH:21
end_of_record
SF:lib\common\utils.dart
DA:3,3
LF:1
LH:1
end_of_record
SF:lib\presentation\pages\about_page.dart
DA:7,0
DA:9,0
DA:10,0
DA:11,0
DA:12,0
DA:13,0
DA:14,0
DA:15,0
DA:17,0
DA:18,0
DA:25,0
DA:26,0
DA:29,0
DA:31,0
DA:41,0
DA:42,0
DA:43,0
DA:44,0
LF:18
LH:0
end_of_record
SF:lib\presentation\pages\home_page.dart
DA:26,1
DA:27,1
DA:32,0
DA:34,0
DA:35,0
DA:36,0
DA:39,0
DA:41,0
DA:42,0
DA:43,0
DA:46,1
DA:48,1
DA:49,2
DA:52,0
DA:54,0
DA:55,0
DA:56,0
DA:57,0
DA:59,0
DA:62,0
DA:63,0
DA:64,0
DA:66,0
DA:69,0
DA:70,0
DA:71,0
DA:72,0
DA:73,0
DA:74,0
DA:75,0
DA:77,0
DA:78,0
DA:80,0
DA:81,0
DA:82,0
DA:83,0
DA:84,0
DA:85,0
DA:88,0
DA:89,0
DA:90,0
DA:91,0
DA:92,0
DA:93,0
DA:96,0
DA:97,0
DA:98,0
DA:99,0
DA:100,0
DA:103,0
DA:104,0
DA:105,0
DA:107,0
DA:108,0
DA:113,0
DA:114,0
DA:115,0
DA:116,0
DA:117,0
DA:118,0
DA:121,0
DA:124,0
DA:128,0
DA:130,0
DA:137,0
DA:138,0
DA:139,0
DA:141,0
DA:142,0
DA:144,0
DA:146,0
DA:147,0
DA:148,0
DA:149,0
DA:150,0
DA:151,0
DA:152,0
DA:154,0
DA:157,0
DA:159,0
DA:161,0
DA:162,0
DA:163,0
DA:164,0
DA:165,0
DA:166,0
DA:167,0
DA:169,0
DA:172,0
DA:174,0
DA:176,0
DA:177,0
DA:178,0
DA:179,0
DA:180,0
DA:181,0
DA:182,0
DA:183,0
DA:184,0
DA:187,0
DA:195,0
DA:196,0
DA:197,0
DA:199,0
DA:200,0
DA:202,0
DA:204,0
DA:205,0
DA:206,0
DA:207,0
DA:208,0
DA:209,0
DA:210,0
DA:212,0
DA:215,0
DA:217,0
DA:219,0
DA:220,0
DA:221,0
DA:222,0
DA:223,0
DA:224,0
DA:225,0
DA:227,0
DA:230,0
DA:232,0
DA:234,0
DA:235,0
DA:236,0
DA:237,0
DA:238,0
DA:239,0
DA:240,0
DA:242,0
DA:250,0
DA:251,0
DA:253,0
DA:254,0
DA:256,0
DA:258,0
DA:260,0
DA:262,0
DA:263,0
LF:143
LH:5
end_of_record
SF:lib\presentation\pages\search_page.dart
DA:14,0
DA:16,0
DA:18,0
DA:19,0
DA:20,0
DA:22,0
DA:24,0
DA:26,0
DA:27,0
DA:28,0
DA:29,0
DA:30,0
DA:32,0
DA:35,0
DA:37,0
DA:38,0
DA:42,0
DA:43,0
DA:45,0
DA:47,0
DA:48,0
DA:55,0
DA:56,0
DA:57,0
DA:58,0
DA:59,0
DA:60,0
DA:62,0
DA:63,0
DA:64,0
DA:65,0
DA:67,0
DA:68,0
DA:69,0
DA:71,0
DA:74,0
DA:75,0
DA:76,0
DA:78,0
DA:79,0
DA:80,0
DA:81,0
DA:82,0
DA:83,0
DA:85,0
DA:88,0
DA:89,0
DA:96,0
DA:97,0
DA:98,0
DA:99,0
DA:100,0
DA:101,0
DA:103,0
DA:104,0
DA:105,0
DA:106,0
DA:108,0
DA:109,0
DA:110,0
DA:112,0
DA:115,0
DA:116,0
DA:117,0
DA:119,0
DA:120,0
DA:121,0
DA:122,0
DA:123,0
DA:124,0
DA:125,0
DA:126,0
DA:132,0
DA:133,0
LF:74
LH:0
end_of_record
SF:lib\presentation\pages\watchlist_page.dart
DA:10,0
DA:12,0
DA:14,0
DA:15,0
DA:16,0
DA:18,0
DA:20,0
DA:21,0
DA:22,0
DA:23,0
DA:24,0
DA:26,0
DA:27,0
DA:28,0
DA:29,0
DA:30,0
DA:32,0
DA:34,0
DA:35,0
DA:36,0
DA:38,0
DA:39,0
DA:43,0
DA:44,0
DA:45,0
DA:46,0
DA:48,0
DA:53,0
DA:54,0
DA:55,0
DA:56,0
DA:57,0
DA:58,0
DA:62,0
LF:34
LH:0
end_of_record
SF:lib\injection.dart
DA:43,3
DA:45,0
DA:47,0
DA:48,0
DA:49,0
DA:50,0
DA:51,0
DA:52,0
DA:53,0
DA:54,0
DA:55,0
DA:56,0
DA:57,0
DA:58,0
DA:59,0
DA:62,0
DA:63,0
DA:64,0
DA:65,0
DA:66,0
DA:67,0
DA:68,0
DA:69,0
DA:70,0
DA:71,0
DA:72,0
DA:73,0
DA:74,0
DA:75,0
DA:76,0
DA:77,0
DA:80,0
DA:81,0
DA:82,0
DA:85,0
DA:86,0
DA:87,0
DA:90,0
DA:93,0
LF:39
LH:1
end_of_record
SF:lib\presentation\widgets\movie_list.dart
DA:11,0
DA:13,0
DA:14,0
DA:15,0
DA:18,0
DA:20,0
DA:22,0
DA:24,0
DA:25,0
DA:26,0
DA:27,0
DA:30,0
DA:31,0
DA:32,0
DA:35,0
DA:38,0
LF:16
LH:0
end_of_record
SF:lib\presentation\widgets\app_row_loading_widget.dart
DA:4,0
DA:6,0
DA:8,0
DA:9,0
LF:4
LH:0
end_of_record
